Start testing: Sep 17 16:45 PDT
----------------------------------------------------------
1/1 Testing: Distortion.Foo
1/1 Test: Distortion.Foo
Command: "/Users/rubensalazar/Programming/AUDIO/distortion/build/test/DistortionTest" "--gtest_filter=Distortion.Foo" "--gtest_also_run_disabled_tests"
Directory: /Users/rubensalazar/Programming/AUDIO/distortion/build/test
"Distortion.Foo" start time: Sep 17 16:45 PDT
Output:
----------------------------------------------------------
Running main() from /Users/rubensalazar/Programming/AUDIO/distortion/build/_deps/googletest-src/googletest/src/gtest_main.cc
Note: Google Test filter = Distortion.Foo
[==========] Running 1 test from 1 test suite.
[----------] Global test environment set-up.
[----------] 1 test from Distortion
[ RUN      ] Distortion.Foo
[       OK ] Distortion.Foo (0 ms)
[----------] 1 test from Distortion (0 ms total)

[----------] Global test environment tear-down
[==========] 1 test from 1 test suite ran. (0 ms total)
[  PASSED  ] 1 test.
<end of output>
Test time =   0.02 sec
----------------------------------------------------------
Test Passed.
"Distortion.Foo" end time: Sep 17 16:45 PDT
"Distortion.Foo" time elapsed: 00:00:00
----------------------------------------------------------

End testing: Sep 17 16:45 PDT
